2024-11-25 21:23:36.233 [info] Extension host with pid 4885 started
2024-11-25 21:23:36.476 [info] ExtensionService#_doActivateExtension vscode.git-base, startup: true, activationEvent: '*', root cause: vscode.git
2024-11-25 21:23:36.545 [info] ExtensionService#_doActivateExtension vscode.git, startup: true, activationEvent: '*'
2024-11-25 21:23:36.610 [info] ExtensionService#_doActivateExtension vscode.github, startup: true, activationEvent: '*'
2024-11-25 21:23:36.690 [info] Eager extensions activated
2024-11-25 21:23:36.698 [info] ExtensionService#_doActivateExtension vscode.debug-auto-launch, startup: false, activationEvent: 'onStartupFinished'
2024-11-25 21:23:36.700 [info] ExtensionService#_doActivateExtension vscode.merge-conflict, startup: false, activationEvent: 'onStartupFinished'
2024-11-25 21:23:38.302 [info] Extension host terminating: renderer closed the MessagePort
2024-11-25 21:23:38.326 [error] ProxyResolver#addCertificatesV1 Canceled: Canceled
	at new tT (file:///snap/code/176/usr/share/code/resources/app/out/vs/workbench/api/node/extensionHostProcess.js:31:108738)
	at py.U (file:///snap/code/176/usr/share/code/resources/app/out/vs/workbench/api/node/extensionHostProcess.js:31:113348)
	at s.<computed>.n.charCodeAt.s.<computed> (file:///snap/code/176/usr/share/code/resources/app/out/vs/workbench/api/node/extensionHostProcess.js:31:110842)
	at L0.loadCertificates (file:///snap/code/176/usr/share/code/resources/app/out/vs/workbench/api/node/extensionHostProcess.js:109:54125)
	at Object.loadAdditionalCertificates (file:///snap/code/176/usr/share/code/resources/app/out/vs/workbench/api/node/extensionHostProcess.js:158:2086)
	at /snap/code/176/usr/share/code/resources/app/node_modules/@vscode/proxy-agent/out/index.js:499:53
	at Generator.next (<anonymous>)
	at /snap/code/176/usr/share/code/resources/app/node_modules/@vscode/proxy-agent/out/index.js:35:71
	at new Promise (<anonymous>)
	at __awaiter (/snap/code/176/usr/share/code/resources/app/node_modules/@vscode/proxy-agent/out/index.js:31:12)
	at /snap/code/176/usr/share/code/resources/app/node_modules/@vscode/proxy-agent/out/index.js:498:43
	at /snap/code/176/usr/share/code/resources/app/node_modules/@vscode/proxy-agent/out/index.js:500:16
	at Generator.next (<anonymous>)
	at /snap/code/176/usr/share/code/resources/app/node_modules/@vscode/proxy-agent/out/index.js:35:71
	at new Promise (<anonymous>)
	at __awaiter (/snap/code/176/usr/share/code/resources/app/node_modules/@vscode/proxy-agent/out/index.js:31:12)
	at getOrLoadAdditionalCertificates (/snap/code/176/usr/share/code/resources/app/node_modules/@vscode/proxy-agent/out/index.js:496:12)
	at addCertificatesV1 (/snap/code/176/usr/share/code/resources/app/node_modules/@vscode/proxy-agent/out/index.js:480:9)
	at resolveProxy (/snap/code/176/usr/share/code/resources/app/node_modules/@vscode/proxy-agent/out/index.js:113:9)
	at /snap/code/176/usr/share/code/resources/app/node_modules/@vscode/proxy-agent/out/index.js:325:77
	at new Promise (<anonymous>)
	at _PacProxyAgent.resolveP [as resolver] (/snap/code/176/usr/share/code/resources/app/node_modules/@vscode/proxy-agent/out/index.js:325:54)
	at _PacProxyAgent.<anonymous> (/snap/code/176/usr/share/code/resources/app/node_modules/@vscode/proxy-agent/out/agent.js:70:37)
	at Generator.next (<anonymous>)
	at /snap/code/176/usr/share/code/resources/app/node_modules/@vscode/proxy-agent/out/agent.js:8:71
	at new Promise (<anonymous>)
	at __awaiter (/snap/code/176/usr/share/code/resources/app/node_modules/@vscode/proxy-agent/out/agent.js:4:12)
	at _PacProxyAgent.connect (/snap/code/176/usr/share/code/resources/app/node_modules/@vscode/proxy-agent/out/agent.js:52:16)
	at /snap/code/176/usr/share/code/resources/app/node_modules/agent-base/dist/index.js:132:30
2024-11-25 21:23:38.326 [info] Extension host with pid 4885 exiting with code 0
